<?xml version="1.0" encoding="utf-8"?><testsuites name="pytest tests"><testsuite name="pytest" errors="0" failures="0" skipped="0" tests="9" time="13.026" timestamp="2026-04-29T02:21:24.242281+00:00" hostname="agent-env-6a6d503d-becb-4c0a-955e-9e2cda22e52d"><testcase classname="backend.tests.test_iteration2.TestUsers" name="test_users_requires_auth" time="0.427" /><testcase classname="backend.tests.test_iteration2.TestUsers" name="test_users_list" time="0.858" /><testcase classname="backend.tests.test_iteration2.TestNotificationsPersistence" name="test_notifications_have_stable_ids" time="1.432" /><testcase classname="backend.tests.test_iteration2.TestNotificationsPersistence" name="test_mark_single_read" time="1.038" /><testcase classname="backend.tests.test_iteration2.TestNotificationsPersistence" name="test_mark_read_404" time="0.794" /><testcase classname="backend.tests.test_iteration2.TestNotificationsPersistence" name="test_mark_all_read" time="0.730" /><testcase classname="backend.tests.test_iteration2.TestNotificationsPersistence" name="test_delete_notification" time="0.908" /><testcase classname="backend.tests.test_iteration2.TestBruteForceLockout" name="test_lockout_after_5_fails" time="0.667" /><testcase classname="backend.tests.test_iteration2.TestBruteForceLockout" name="test_successful_login_resets_counter" time="5.189" /></testsuite></testsuites>