<?xml version="1.0" encoding="utf-8"?><testsuites name="pytest tests"><testsuite name="pytest" errors="0" failures="1" skipped="0" tests="21" time="19.361" timestamp="2026-04-29T02:04:33.983401+00:00" hostname="agent-env-6a6d503d-becb-4c0a-955e-9e2cda22e52d"><testcase classname="tests.backend_test.TestHealth" name="test_root" time="0.300" /><testcase classname="tests.backend_test.TestAuth" name="test_login_demo" time="0.422" /><testcase classname="tests.backend_test.TestAuth" name="test_login_admin" time="0.585" /><testcase classname="tests.backend_test.TestAuth" name="test_login_invalid" time="0.600" /><testcase classname="tests.backend_test.TestAuth" name="test_me_with_cookie" time="0.484" /><testcase classname="tests.backend_test.TestAuth" name="test_me_without_auth" time="0.198" /><testcase classname="tests.backend_test.TestAuth" name="test_register_and_logout" time="0.664" /><testcase classname="tests.backend_test.TestAuth" name="test_register_duplicate" time="0.151"><failure message="assert 422 == 409&#10; +  where 422 = &lt;Response [422]&gt;.status_code">tests/backend_test.py:93: in test_register_duplicate
    assert r.status_code == 409
E   assert 422 == 409
E    +  where 422 = &lt;Response [422]&gt;.status_code</failure></testcase><testcase classname="tests.backend_test.TestTasks" name="test_list_tasks" time="0.060" /><testcase classname="tests.backend_test.TestTasks" name="test_list_tasks_filter_assignee_me" time="0.065" /><testcase classname="tests.backend_test.TestTasks" name="test_list_tasks_filter_status" time="0.064" /><testcase classname="tests.backend_test.TestTasks" name="test_create_update_delete_task" time="0.358" /><testcase classname="tests.backend_test.TestProjects" name="test_list_projects" time="0.058" /><testcase classname="tests.backend_test.TestProjects" name="test_create_and_delete_project" time="0.238" /><testcase classname="tests.backend_test.TestNotifications" name="test_list_notifications" time="0.073" /><testcase classname="tests.backend_test.TestDashboard" name="test_dashboard_summary" time="0.060" /><testcase classname="tests.backend_test.TestDashboard" name="test_meetings" time="0.064" /><testcase classname="tests.backend_test.TestLLMConfig" name="test_get_default_config" time="0.063" /><testcase classname="tests.backend_test.TestLLMConfig" name="test_update_config" time="0.066" /><testcase classname="tests.backend_test.TestChat" name="test_chat_basic" time="9.822" /><testcase classname="tests.backend_test.TestChat" name="test_chat_session_persistence" time="4.452" /></testsuite></testsuites>