<?xml version="1.0" encoding="utf-8"?><testsuites name="pytest tests"><testsuite name="pytest" errors="0" failures="0" skipped="0" tests="21" time="21.869" timestamp="2026-04-29T02:21:47.310816+00:00" hostname="agent-env-6a6d503d-becb-4c0a-955e-9e2cda22e52d"><testcase classname="backend.tests.backend_test.TestHealth" name="test_root" time="0.264" /><testcase classname="backend.tests.backend_test.TestAuth" name="test_login_demo" time="0.464" /><testcase classname="backend.tests.backend_test.TestAuth" name="test_login_admin" time="0.683" /><testcase classname="backend.tests.backend_test.TestAuth" name="test_login_invalid" time="0.585" /><testcase classname="backend.tests.backend_test.TestAuth" name="test_me_with_cookie" time="0.490" /><testcase classname="backend.tests.backend_test.TestAuth" name="test_me_without_auth" time="0.241" /><testcase classname="backend.tests.backend_test.TestAuth" name="test_register_and_logout" time="0.721" /><testcase classname="backend.tests.backend_test.TestAuth" name="test_register_duplicate" time="0.191" /><testcase classname="backend.tests.backend_test.TestTasks" name="test_list_tasks" time="0.057" /><testcase classname="backend.tests.backend_test.TestTasks" name="test_list_tasks_filter_assignee_me" time="0.069" /><testcase classname="backend.tests.backend_test.TestTasks" name="test_list_tasks_filter_status" time="0.057" /><testcase classname="backend.tests.backend_test.TestTasks" name="test_create_update_delete_task" time="0.375" /><testcase classname="backend.tests.backend_test.TestProjects" name="test_list_projects" time="0.061" /><testcase classname="backend.tests.backend_test.TestProjects" name="test_create_and_delete_project" time="0.267" /><testcase classname="backend.tests.backend_test.TestNotifications" name="test_list_notifications" time="0.073" /><testcase classname="backend.tests.backend_test.TestDashboard" name="test_dashboard_summary" time="0.059" /><testcase classname="backend.tests.backend_test.TestDashboard" name="test_meetings" time="0.063" /><testcase classname="backend.tests.backend_test.TestLLMConfig" name="test_get_default_config" time="0.061" /><testcase classname="backend.tests.backend_test.TestLLMConfig" name="test_update_config" time="0.059" /><testcase classname="backend.tests.backend_test.TestChat" name="test_chat_basic" time="11.565" /><testcase classname="backend.tests.backend_test.TestChat" name="test_chat_session_persistence" time="5.106" /></testsuite></testsuites>